Grammar

    0 $accept: start $end

    1 start: expr N
    2      | id

    3 expr: %empty
    4     | expr '+' expr
    5     | expr '-' expr
    6     | expr '*' expr
    7     | expr '/' expr
    8     | '(' expr ')'
    9     | num


Terminals, with rules where they appear

$end (0) 0
'(' (40) 8
')' (41) 8
'*' (42) 6
'+' (43) 4
'-' (45) 5
'/' (47) 7
error (256)
id (258) 2
num (259) 9
N (260) 1


Nonterminals, with rules where they appear

$accept (12)
    on left: 0
start (13)
    on left: 1 2, on right: 0
expr (14)
    on left: 3 4 5 6 7 8 9, on right: 1 4 5 6 7 8


State 0

    0 $accept: . start $end

    id   shift, and go to state 1
    num  shift, and go to state 2
    '('  shift, and go to state 3

    $default  reduce using rule 3 (expr)

    start  go to state 4
    expr   go to state 5


State 1

    2 start: id .

    $default  reduce using rule 2 (start)


State 2

    9 expr: num .

    $default  reduce using rule 9 (expr)


State 3

    8 expr: '(' . expr ')'

    num  shift, and go to state 2
    '('  shift, and go to state 3

    $default  reduce using rule 3 (expr)

    expr  go to state 6


State 4

    0 $accept: start . $end

    $end  shift, and go to state 7


State 5

    1 start: expr . N
    4 expr: expr . '+' expr
    5     | expr . '-' expr
    6     | expr . '*' expr
    7     | expr . '/' expr

    N    shift, and go to state 8
    '+'  shift, and go to state 9
    '-'  shift, and go to state 10
    '*'  shift, and go to state 11
    '/'  shift, and go to state 12


State 6

    4 expr: expr . '+' expr
    5     | expr . '-' expr
    6     | expr . '*' expr
    7     | expr . '/' expr
    8     | '(' expr . ')'

    '+'  shift, and go to state 9
    '-'  shift, and go to state 10
    '*'  shift, and go to state 11
    '/'  shift, and go to state 12
    ')'  shift, and go to state 13


State 7

    0 $accept: start $end .

    $default  accept


State 8

    1 start: expr N .

    $default  reduce using rule 1 (start)


State 9

    4 expr: expr '+' . expr

    num  shift, and go to state 2
    '('  shift, and go to state 3

    $default  reduce using rule 3 (expr)

    expr  go to state 14


State 10

    5 expr: expr '-' . expr

    num  shift, and go to state 2
    '('  shift, and go to state 3

    $default  reduce using rule 3 (expr)

    expr  go to state 15


State 11

    6 expr: expr '*' . expr

    num  shift, and go to state 2
    '('  shift, and go to state 3

    $default  reduce using rule 3 (expr)

    expr  go to state 16


State 12

    7 expr: expr '/' . expr

    num  shift, and go to state 2
    '('  shift, and go to state 3

    $default  reduce using rule 3 (expr)

    expr  go to state 17


State 13

    8 expr: '(' expr ')' .

    $default  reduce using rule 8 (expr)


State 14

    4 expr: expr . '+' expr
    4     | expr '+' expr .
    5     | expr . '-' expr
    6     | expr . '*' expr
    7     | expr . '/' expr

    '*'  shift, and go to state 11
    '/'  shift, and go to state 12

    $default  reduce using rule 4 (expr)


State 15

    4 expr: expr . '+' expr
    5     | expr . '-' expr
    5     | expr '-' expr .
    6     | expr . '*' expr
    7     | expr . '/' expr

    '*'  shift, and go to state 11
    '/'  shift, and go to state 12

    $default  reduce using rule 5 (expr)


State 16

    4 expr: expr . '+' expr
    5     | expr . '-' expr
    6     | expr . '*' expr
    6     | expr '*' expr .
    7     | expr . '/' expr

    $default  reduce using rule 6 (expr)


State 17

    4 expr: expr . '+' expr
    5     | expr . '-' expr
    6     | expr . '*' expr
    7     | expr . '/' expr
    7     | expr '/' expr .

    $default  reduce using rule 7 (expr)
