Terminals unused in grammar

   id


Grammar

    0 $accept: start $end

    1 start: expr N

    2 expr: %empty
    3     | expr '+' expr
    4     | expr '-' expr
    5     | expr '*' expr
    6     | expr '/' expr
    7     | '(' expr ')'
    8     | num


Terminals, with rules where they appear

$end (0) 0
'(' (40) 7
')' (41) 7
'*' (42) 5
'+' (43) 3
'-' (45) 4
'/' (47) 6
error (256)
id (258)
num (259) 8
N (260) 1


Nonterminals, with rules where they appear

$accept (12)
    on left: 0
start (13)
    on left: 1, on right: 0
expr (14)
    on left: 2 3 4 5 6 7 8, on right: 1 3 4 5 6 7


State 0

    0 $accept: . start $end

    num  shift, and go to state 1
    '('  shift, and go to state 2

    $default  reduce using rule 2 (expr)

    start  go to state 3
    expr   go to state 4


State 1

    8 expr: num .

    $default  reduce using rule 8 (expr)


State 2

    7 expr: '(' . expr ')'

    num  shift, and go to state 1
    '('  shift, and go to state 2

    $default  reduce using rule 2 (expr)

    expr  go to state 5


State 3

    0 $accept: start . $end

    $end  shift, and go to state 6


State 4

    1 start: expr . N
    3 expr: expr . '+' expr
    4     | expr . '-' expr
    5     | expr . '*' expr
    6     | expr . '/' expr

    N    shift, and go to state 7
    '+'  shift, and go to state 8
    '-'  shift, and go to state 9
    '*'  shift, and go to state 10
    '/'  shift, and go to state 11


State 5

    3 expr: expr . '+' expr
    4     | expr . '-' expr
    5     | expr . '*' expr
    6     | expr . '/' expr
    7     | '(' expr . ')'

    '+'  shift, and go to state 8
    '-'  shift, and go to state 9
    '*'  shift, and go to state 10
    '/'  shift, and go to state 11
    ')'  shift, and go to state 12


State 6

    0 $accept: start $end .

    $default  accept


State 7

    1 start: expr N .

    $default  reduce using rule 1 (start)


State 8

    3 expr: expr '+' . expr

    num  shift, and go to state 1
    '('  shift, and go to state 2

    $default  reduce using rule 2 (expr)

    expr  go to state 13


State 9

    4 expr: expr '-' . expr

    num  shift, and go to state 1
    '('  shift, and go to state 2

    $default  reduce using rule 2 (expr)

    expr  go to state 14


State 10

    5 expr: expr '*' . expr

    num  shift, and go to state 1
    '('  shift, and go to state 2

    $default  reduce using rule 2 (expr)

    expr  go to state 15


State 11

    6 expr: expr '/' . expr

    num  shift, and go to state 1
    '('  shift, and go to state 2

    $default  reduce using rule 2 (expr)

    expr  go to state 16


State 12

    7 expr: '(' expr ')' .

    $default  reduce using rule 7 (expr)


State 13

    3 expr: expr . '+' expr
    3     | expr '+' expr .
    4     | expr . '-' expr
    5     | expr . '*' expr
    6     | expr . '/' expr

    '*'  shift, and go to state 10
    '/'  shift, and go to state 11

    $default  reduce using rule 3 (expr)


State 14

    3 expr: expr . '+' expr
    4     | expr . '-' expr
    4     | expr '-' expr .
    5     | expr . '*' expr
    6     | expr . '/' expr

    '*'  shift, and go to state 10
    '/'  shift, and go to state 11

    $default  reduce using rule 4 (expr)


State 15

    3 expr: expr . '+' expr
    4     | expr . '-' expr
    5     | expr . '*' expr
    5     | expr '*' expr .
    6     | expr . '/' expr

    $default  reduce using rule 5 (expr)


State 16

    3 expr: expr . '+' expr
    4     | expr . '-' expr
    5     | expr . '*' expr
    6     | expr . '/' expr
    6     | expr '/' expr .

    $default  reduce using rule 6 (expr)
